current directory: /Users/paulbloch/Kechimyaku/kechimyaku/vendor/bundle/ruby/2.7.0/gems/posix-spawn-0.3.15/ext
/Users/paulbloch/.rbenv/versions/2.7.8/bin/ruby -I /Users/paulbloch/.rbenv/versions/2.7.8/lib/ruby/2.7.0 -r ./siteconf20250624-56742-130xly0.rb extconf.rb
creating Makefile

current directory: /Users/paulbloch/Kechimyaku/kechimyaku/vendor/bundle/ruby/2.7.0/gems/posix-spawn-0.3.15/ext
make "DESTDIR=" clean

current directory: /Users/paulbloch/Kechimyaku/kechimyaku/vendor/bundle/ruby/2.7.0/gems/posix-spawn-0.3.15/ext
make "DESTDIR="
compiling posix-spawn.c
posix-spawn.c:226:27: error: incompatible function pointer types passing 'int (VALUE, VALUE, posix_spawn_file_actions_t *)' (aka 'int (unsigned long, unsigned long, void **)') to parameter of type 'int (*)(VALUE, VALUE, VALUE)' (aka 'int (*)(unsigned long, unsigned long, unsigned long)') [-Wincompatible-function-pointer-types]
        rb_hash_foreach(options, posixspawn_file_actions_operations_iter, (VALUE)fops);
                                 ^~~~~~~~~~~~~~~~~~~~~~~~~~~~~~~~~~~~~~~
/Users/paulbloch/.rbenv/versions/2.7.8/include/ruby-2.7.0/ruby/intern.h:558:35: note: passing argument to parameter here
void rb_hash_foreach(VALUE, int (*)(VALUE, VALUE, VALUE), VALUE);
                                  ^
1 error generated.
make: *** [posix-spawn.o] Error 1

make failed, exit code 2
